 (0,0): Unity incremental compiler server
 (0,0): watchdog active on pid: 20408
 (0,0): [10/29/2018 01:53:45.359 ] Unity.TextMeshPro.dll: no prior compilation found in cache
 (0,0): [10/29/2018 01:53:45.359 ] Unity.Postprocessing.Runtime.dll: no prior compilation found in cache
 (0,0): [10/29/2018 01:53:45.360 ] Unity.PackageManagerUI.Editor.dll: no prior compilation found in cache
 (0,0): [10/29/2018 01:53:45.359 ] UnityEditor.StandardEvents.dll: no prior compilation found in cache
 (0,0): [10/29/2018 01:53:45.468 ] Unity.PackageManagerUI.Editor.dll compiling...
 (0,0): [10/29/2018 01:53:45.469 ] Unity.Postprocessing.Runtime.dll compiling...
 (0,0): [10/29/2018 01:53:45.469 ] Unity.TextMeshPro.dll compiling...
 (0,0): [10/29/2018 01:53:45.482 ] UnityEditor.StandardEvents.dll compiling...
 (0,0): [10/29/2018 01:53:54.469 ] Unity.Postprocessing.Runtime.dll: emitting IL to : C:\Users\andre\Documents\GitHub\KamikazeTheGame\Temp\Unity.Postprocessing.Runtime.dll
 (0,0): [10/29/2018 01:53:54.473 ] UnityEditor.StandardEvents.dll: emitting IL to : C:\Users\andre\Documents\GitHub\KamikazeTheGame\Temp\UnityEditor.StandardEvents.dll
 (0,0): [10/29/2018 01:53:54.469 ] Unity.TextMeshPro.dll: emitting IL to : C:\Users\andre\Documents\GitHub\KamikazeTheGame\Temp\Unity.TextMeshPro.dll
 (0,0): [10/29/2018 01:53:54.473 ] Unity.PackageManagerUI.Editor.dll: emitting IL to : C:\Users\andre\Documents\GitHub\KamikazeTheGame\Temp\Unity.PackageManagerUI.Editor.dll
 (0,0): [10/29/2018 01:53:55.082 ] UnityEditor.StandardEvents.dll compilation finished in 9601ms  source files re-parsed: 1 metadata reloaded: 192
 (0,0): [10/29/2018 01:53:55.316 ] Unity.TextMeshPro.dll compilation finished in 9847ms  source files re-parsed: 45 metadata reloaded: 182
 (0,0): [10/29/2018 01:53:55.086 ] Unity.PackageManagerUI.Editor.dll compilation finished in 9618ms  source files re-parsed: 44 metadata reloaded: 194
 (0,0): [10/29/2018 01:53:55.093 ] Unity.Postprocessing.Runtime.dll compilation finished in 9623ms  source files re-parsed: 56 metadata reloaded: 144
 (0,0): [10/29/2018 01:53:55.562 ] Unity.ProBuilder.AddOns.Editor.dll: no prior compilation found in cache
 (0,0): [10/29/2018 01:53:55.575 ] Unity.ProBuilder.AddOns.Editor.dll compiling...
 (0,0): [10/29/2018 01:53:55.628 ] Unity.ProBuilder.AddOns.Editor.dll: emitting IL to : C:\Users\andre\Documents\GitHub\KamikazeTheGame\Temp\Unity.ProBuilder.AddOns.Editor.dll
 (0,0): [10/29/2018 01:53:55.695 ] Unity.ProBuilder.AddOns.Editor.dll compilation finished in 120ms  source files re-parsed: 1 metadata reloaded: 0
 (0,0): [10/29/2018 01:53:56.282 ] Unity.TextMeshPro.Editor.dll: no prior compilation found in cache
 (0,0): [10/29/2018 01:53:56.299 ] Unity.TextMeshPro.Editor.dll compiling...
 (0,0): [10/29/2018 01:53:57.111 ] Unity.Postprocessing.Editor.dll: no prior compilation found in cache
 (0,0): [10/29/2018 01:53:57.124 ] Unity.Postprocessing.Editor.dll compiling...
 (0,0): [10/29/2018 01:53:57.201 ] Unity.TextMeshPro.Editor.dll: emitting IL to : C:\Users\andre\Documents\GitHub\KamikazeTheGame\Temp\Unity.TextMeshPro.Editor.dll
 (0,0): [10/29/2018 01:53:57.504 ] Unity.TextMeshPro.Editor.dll compilation finished in 1205ms  source files re-parsed: 39 metadata reloaded: 1
 (0,0): [10/29/2018 01:53:58.785 ] Unity.Postprocessing.Editor.dll: emitting IL to : C:\Users\andre\Documents\GitHub\KamikazeTheGame\Temp\Unity.Postprocessing.Editor.dll
 (0,0): [10/29/2018 01:53:58.931 ] Unity.Postprocessing.Editor.dll compilation finished in 1808ms  source files re-parsed: 35 metadata reloaded: 1
 (0,0): [10/29/2018 01:54:01.782 ] Assembly-CSharp.dll: no prior compilation found in cache
 (0,0): [10/29/2018 01:54:01.796 ] Assembly-CSharp.dll compiling...
 (0,0): [10/29/2018 01:54:02.068 ] Assembly-CSharp.dll: emitting IL to : C:\Users\andre\Documents\GitHub\KamikazeTheGame\Temp\Assembly-CSharp.dll
 (0,0): [10/29/2018 01:54:02.102 ] Assembly-CSharp.dll compilation finished in 306ms  source files re-parsed: 43 metadata reloaded: 5
 (0,0): [10/29/2018 01:54:05.913 ] Unity.Postprocessing.Runtime.dll: no prior compilation found in cache
 (0,0): [10/29/2018 01:54:05.925 ] Unity.Postprocessing.Runtime.dll compiling...
 (0,0): [10/29/2018 01:54:06.031 ] Unity.TextMeshPro.dll: no prior compilation found in cache
 (0,0): [10/29/2018 01:54:06.057 ] Unity.TextMeshPro.dll compiling...
 (0,0): [10/29/2018 01:54:06.185 ] Unity.PackageManagerUI.Editor.dll: no prior compilation found in cache
 (0,0): [10/29/2018 01:54:06.249 ] Unity.PackageManagerUI.Editor.dll compiling...
 (0,0): [10/29/2018 01:54:06.441 ] UnityEditor.StandardEvents.dll: no prior compilation found in cache
 (0,0): [10/29/2018 01:54:06.506 ] UnityEditor.StandardEvents.dll compiling...
 (0,0): [10/29/2018 01:54:06.512 ] Unity.Postprocessing.Runtime.dll: emitting IL to : C:\Users\andre\Documents\GitHub\KamikazeTheGame\Temp\Unity.Postprocessing.Runtime.dll
 (0,0): [10/29/2018 01:54:06.557 ] UnityEditor.StandardEvents.dll: emitting IL to : C:\Users\andre\Documents\GitHub\KamikazeTheGame\Temp\UnityEditor.StandardEvents.dll
 (0,0): [10/29/2018 01:54:06.786 ] Unity.PackageManagerUI.Editor.dll: emitting IL to : C:\Users\andre\Documents\GitHub\KamikazeTheGame\Temp\Unity.PackageManagerUI.Editor.dll
 (0,0): [10/29/2018 01:54:07.081 ] UnityEditor.StandardEvents.dll compilation finished in 574ms  source files re-parsed: 1 metadata reloaded: 0
 (0,0): [10/29/2018 01:54:07.137 ] Unity.Postprocessing.Runtime.dll compilation finished in 1213ms  source files re-parsed: 56 metadata reloaded: 0
 (0,0): [10/29/2018 01:54:07.298 ] Unity.TextMeshPro.dll: emitting IL to : C:\Users\andre\Documents\GitHub\KamikazeTheGame\Temp\Unity.TextMeshPro.dll
 (0,0): [10/29/2018 01:54:07.546 ] Unity.PackageManagerUI.Editor.dll compilation finished in 1296ms  source files re-parsed: 44 metadata reloaded: 0
 (0,0): [10/29/2018 01:54:07.718 ] Unity.ProBuilder.AddOns.Editor.dll: no prior compilation found in cache
 (0,0): [10/29/2018 01:54:07.733 ] Unity.ProBuilder.AddOns.Editor.dll compiling...
 (0,0): [10/29/2018 01:54:07.775 ] Unity.ProBuilder.AddOns.Editor.dll: emitting IL to : C:\Users\andre\Documents\GitHub\KamikazeTheGame\Temp\Unity.ProBuilder.AddOns.Editor.dll
 (0,0): [10/29/2018 01:54:07.817 ] Unity.TextMeshPro.dll compilation finished in 1761ms  source files re-parsed: 45 metadata reloaded: 0
 (0,0): [10/29/2018 01:54:07.910 ] Unity.ProBuilder.AddOns.Editor.dll compilation finished in 178ms  source files re-parsed: 1 metadata reloaded: 0
 (0,0): [10/29/2018 01:54:08.234 ] Unity.Postprocessing.Editor.dll: no prior compilation found in cache
 (0,0): [10/29/2018 01:54:08.246 ] Unity.Postprocessing.Editor.dll compiling...
 (0,0): [10/29/2018 01:54:08.454 ] Unity.Postprocessing.Editor.dll: emitting IL to : C:\Users\andre\Documents\GitHub\KamikazeTheGame\Temp\Unity.Postprocessing.Editor.dll
 (0,0): [10/29/2018 01:54:09.644 ] Unity.Postprocessing.Editor.dll compilation finished in 1399ms  source files re-parsed: 35 metadata reloaded: 1
 (0,0): [10/29/2018 01:54:09.657 ] Unity.TextMeshPro.Editor.dll: no prior compilation found in cache
 (0,0): [10/29/2018 01:54:09.670 ] Unity.TextMeshPro.Editor.dll compiling...
 (0,0): [10/29/2018 01:54:10.022 ] Unity.TextMeshPro.Editor.dll: emitting IL to : C:\Users\andre\Documents\GitHub\KamikazeTheGame\Temp\Unity.TextMeshPro.Editor.dll
 (0,0): [10/29/2018 01:54:10.204 ] Unity.TextMeshPro.Editor.dll compilation finished in 534ms  source files re-parsed: 39 metadata reloaded: 1
 (0,0): [10/29/2018 01:54:10.503 ] Assembly-CSharp.dll: no prior compilation found in cache
 (0,0): [10/29/2018 01:54:10.515 ] Assembly-CSharp.dll compiling...
 (0,0): [10/29/2018 01:54:10.631 ] Assembly-CSharp.dll: emitting IL to : C:\Users\andre\Documents\GitHub\KamikazeTheGame\Temp\Assembly-CSharp.dll
 (0,0): [10/29/2018 01:54:10.646 ] Assembly-CSharp.dll compilation finished in 131ms  source files re-parsed: 47 metadata reloaded: 5
 (0,0): [10/29/2018 01:57:06.801 ] Assembly-CSharp.dll compiling...
 (0,0): [10/29/2018 01:57:06.938 ] Assembly-CSharp.dll: emitting IL to : C:\Users\andre\Documents\GitHub\KamikazeTheGame\Temp\Assembly-CSharp.dll
 (0,0): [10/29/2018 01:57:06.951 ] Assembly-CSharp.dll compilation finished in 149ms  source files re-parsed: 1 metadata reloaded: 0
 (0,0): [10/29/2018 01:57:06.963 ] Assembly-CSharp.dll: compilation was cached, 1 file(s) were found to have changed.
 (0,0): [10/29/2018 01:57:18.892 ] Assembly-CSharp.dll compiling...
 (0,0): [10/29/2018 01:57:19.171 ] Assembly-CSharp.dll: emitting IL to : C:\Users\andre\Documents\GitHub\KamikazeTheGame\Temp\Assembly-CSharp.dll
 (0,0): [10/29/2018 01:57:19.568 ] Assembly-CSharp.dll compilation finished in 676ms  source files re-parsed: 1 metadata reloaded: 0
 (0,0): [10/29/2018 01:57:19.580 ] Assembly-CSharp.dll: compilation was cached, 1 file(s) were found to have changed.
 (0,0): [10/29/2018 01:57:20.010 ] Assembly-CSharp-Editor.dll: no prior compilation found in cache
 (0,0): [10/29/2018 01:57:20.022 ] Assembly-CSharp-Editor.dll compiling...
 (0,0): [10/29/2018 01:57:20.092 ] Assembly-CSharp-Editor.dll: emitting IL to : C:\Users\andre\Documents\GitHub\KamikazeTheGame\Temp\Assembly-CSharp-Editor.dll
 (0,0): [10/29/2018 01:57:20.140 ] Assembly-CSharp-Editor.dll compilation finished in 118ms  source files re-parsed: 3 metadata reloaded: 1
 (0,0): [10/29/2018 01:58:30.879 ] Compiler cache size is now 18,74 MB
 (0,0): [10/29/2018 02:34:25.136 ] Assembly-CSharp.dll compiling...
 (0,0): [10/29/2018 02:34:25.264 ] Assembly-CSharp.dll: emitting IL to : C:\Users\andre\Documents\GitHub\KamikazeTheGame\Temp\Assembly-CSharp.dll
 (0,0): [10/29/2018 02:34:25.365 ] Assembly-CSharp.dll compilation finished in 229ms  source files re-parsed: 1 metadata reloaded: 0
 (0,0): [10/29/2018 02:34:25.377 ] Assembly-CSharp.dll: compilation was cached, 1 file(s) were found to have changed.
 (0,0): [10/29/2018 02:34:25.869 ] Assembly-CSharp-Editor.dll compiling...
 (0,0): [10/29/2018 02:34:25.906 ] Assembly-CSharp-Editor.dll: emitting IL to : C:\Users\andre\Documents\GitHub\KamikazeTheGame\Temp\Assembly-CSharp-Editor.dll
 (0,0): [10/29/2018 02:34:25.975 ] Assembly-CSharp-Editor.dll compilation finished in 105ms  source files re-parsed: 0 metadata reloaded: 1
 (0,0): [10/29/2018 02:34:25.987 ] Assembly-CSharp-Editor.dll: compilation was cached, 0 file(s) were found to have changed.
 (0,0): [10/29/2018 03:54:53.485 ] Assembly-CSharp.dll compiling...
 (0,0): [10/29/2018 03:54:53.583 ] Assembly-CSharp.dll: emitting IL to : C:\Users\andre\Documents\GitHub\KamikazeTheGame\Temp\Assembly-CSharp.dll
 (0,0): [10/29/2018 03:54:53.610 ] Assembly-CSharp.dll compilation finished in 123ms  source files re-parsed: 2 metadata reloaded: 0
 (0,0): [10/29/2018 03:54:53.622 ] Assembly-CSharp.dll: compilation was cached, 2 file(s) were found to have changed.
 (0,0): [10/29/2018 04:01:38.825 ] Assembly-CSharp.dll compiling...
 (0,0): [10/29/2018 04:01:38.934 ] Assembly-CSharp.dll: emitting IL to : C:\Users\andre\Documents\GitHub\KamikazeTheGame\Temp\Assembly-CSharp.dll
 (0,0): [10/29/2018 04:01:38.947 ] Assembly-CSharp.dll compilation finished in 122ms  source files re-parsed: 3 metadata reloaded: 0
 (0,0): [10/29/2018 04:01:38.965 ] Assembly-CSharp.dll: compilation was cached, 3 file(s) were found to have changed.
 (0,0): [10/29/2018 04:02:15.012 ] Assembly-CSharp.dll compiling...
 (0,0): [10/29/2018 04:02:15.133 ] Assembly-CSharp.dll: emitting IL to : C:\Users\andre\Documents\GitHub\KamikazeTheGame\Temp\Assembly-CSharp.dll
 (0,0): [10/29/2018 04:02:15.157 ] Assembly-CSharp.dll compilation finished in 145ms  source files re-parsed: 1 metadata reloaded: 0
 (0,0): [10/29/2018 04:02:15.170 ] Assembly-CSharp.dll: compilation was cached, 1 file(s) were found to have changed.
 (0,0): [10/29/2018 04:02:49.600 ] Assembly-CSharp.dll compiling...
 (0,0): [10/29/2018 04:02:49.732 ] Assembly-CSharp.dll: emitting IL to : C:\Users\andre\Documents\GitHub\KamikazeTheGame\Temp\Assembly-CSharp.dll
 (0,0): [10/29/2018 04:02:49.746 ] Assembly-CSharp.dll compilation finished in 146ms  source files re-parsed: 1 metadata reloaded: 0
 (0,0): [10/29/2018 04:02:49.758 ] Assembly-CSharp.dll: compilation was cached, 1 file(s) were found to have changed.
 (0,0): [10/29/2018 04:03:05.572 ] Assembly-CSharp.dll compiling...
 (0,0): [10/29/2018 04:03:05.676 ] Assembly-CSharp.dll: emitting IL to : C:\Users\andre\Documents\GitHub\KamikazeTheGame\Temp\Assembly-CSharp.dll
 (0,0): [10/29/2018 04:03:05.689 ] Assembly-CSharp.dll compilation finished in 117ms  source files re-parsed: 1 metadata reloaded: 0
 (0,0): [10/29/2018 04:03:05.702 ] Assembly-CSharp.dll: compilation was cached, 1 file(s) were found to have changed.
 (0,0): [10/29/2018 04:03:11.989 ] Assembly-CSharp.dll compiling...
 (0,0): [10/29/2018 04:03:12.097 ] Assembly-CSharp.dll: emitting IL to : C:\Users\andre\Documents\GitHub\KamikazeTheGame\Temp\Assembly-CSharp.dll
 (0,0): [10/29/2018 04:03:12.119 ] Assembly-CSharp.dll compilation finished in 130ms  source files re-parsed: 1 metadata reloaded: 0
 (0,0): [10/29/2018 04:03:12.131 ] Assembly-CSharp.dll: compilation was cached, 1 file(s) were found to have changed.
 (0,0): [10/29/2018 04:03:18.402 ] Assembly-CSharp.dll compiling...
 (0,0): [10/29/2018 04:03:18.520 ] Assembly-CSharp.dll: emitting IL to : C:\Users\andre\Documents\GitHub\KamikazeTheGame\Temp\Assembly-CSharp.dll
 (0,0): [10/29/2018 04:03:18.532 ] Assembly-CSharp.dll compilation finished in 131ms  source files re-parsed: 1 metadata reloaded: 0
 (0,0): [10/29/2018 04:03:18.544 ] Assembly-CSharp.dll: compilation was cached, 1 file(s) were found to have changed.
 (0,0): [10/29/2018 04:03:29.738 ] Assembly-CSharp.dll compiling...
 (0,0): [10/29/2018 04:03:29.854 ] Assembly-CSharp.dll: emitting IL to : C:\Users\andre\Documents\GitHub\KamikazeTheGame\Temp\Assembly-CSharp.dll
 (0,0): [10/29/2018 04:03:29.867 ] Assembly-CSharp.dll compilation finished in 128ms  source files re-parsed: 1 metadata reloaded: 0
 (0,0): [10/29/2018 04:03:29.879 ] Assembly-CSharp.dll: compilation was cached, 1 file(s) were found to have changed.
 (0,0): [10/29/2018 04:03:44.883 ] Assembly-CSharp.dll compiling...
 (0,0): [10/29/2018 04:03:45.003 ] Assembly-CSharp.dll: emitting IL to : C:\Users\andre\Documents\GitHub\KamikazeTheGame\Temp\Assembly-CSharp.dll
 (0,0): [10/29/2018 04:03:45.016 ] Assembly-CSharp.dll compilation finished in 133ms  source files re-parsed: 1 metadata reloaded: 0
 (0,0): [10/29/2018 04:03:45.028 ] Assembly-CSharp.dll: compilation was cached, 1 file(s) were found to have changed.
 (0,0): [10/29/2018 04:03:46.212 ] Assembly-CSharp.dll compiling...
 (0,0): [10/29/2018 04:03:46.323 ] Assembly-CSharp.dll: emitting IL to : C:\Users\andre\Documents\GitHub\KamikazeTheGame\Temp\Assembly-CSharp.dll
 (0,0): [10/29/2018 04:03:46.335 ] Assembly-CSharp.dll compilation finished in 123ms  source files re-parsed: 0 metadata reloaded: 0
 (0,0): [10/29/2018 04:03:46.347 ] Assembly-CSharp.dll: compilation was cached, 0 file(s) were found to have changed.
 (0,0): [10/29/2018 04:04:03.002 ] Assembly-CSharp.dll compiling...
 (0,0): [10/29/2018 04:04:03.105 ] Assembly-CSharp.dll: emitting IL to : C:\Users\andre\Documents\GitHub\KamikazeTheGame\Temp\Assembly-CSharp.dll
 (0,0): [10/29/2018 04:04:03.118 ] Assembly-CSharp.dll compilation finished in 116ms  source files re-parsed: 1 metadata reloaded: 0
 (0,0): [10/29/2018 04:04:03.130 ] Assembly-CSharp.dll: compilation was cached, 1 file(s) were found to have changed.
 (0,0): [10/29/2018 04:04:16.647 ] Assembly-CSharp.dll compiling...
 (0,0): [10/29/2018 04:04:16.787 ] Assembly-CSharp.dll: emitting IL to : C:\Users\andre\Documents\GitHub\KamikazeTheGame\Temp\Assembly-CSharp.dll
 (0,0): [10/29/2018 04:04:16.801 ] Assembly-CSharp.dll compilation finished in 153ms  source files re-parsed: 1 metadata reloaded: 0
 (0,0): [10/29/2018 04:04:16.813 ] Assembly-CSharp.dll: compilation was cached, 1 file(s) were found to have changed.
 (0,0): [10/29/2018 04:04:30.405 ] Assembly-CSharp.dll compiling...
 (0,0): [10/29/2018 04:04:30.511 ] Assembly-CSharp.dll: emitting IL to : C:\Users\andre\Documents\GitHub\KamikazeTheGame\Temp\Assembly-CSharp.dll
 (0,0): [10/29/2018 04:04:30.523 ] Assembly-CSharp.dll compilation finished in 118ms  source files re-parsed: 1 metadata reloaded: 0
 (0,0): [10/29/2018 04:04:30.535 ] Assembly-CSharp.dll: compilation was cached, 1 file(s) were found to have changed.
 (0,0): [10/29/2018 04:04:52.059 ] Assembly-CSharp.dll compiling...
 (0,0): [10/29/2018 04:04:52.237 ] Assembly-CSharp.dll: emitting IL to : C:\Users\andre\Documents\GitHub\KamikazeTheGame\Temp\Assembly-CSharp.dll
 (0,0): [10/29/2018 04:04:52.467 ] Assembly-CSharp.dll compilation finished in 407ms  source files re-parsed: 1 metadata reloaded: 0
 (0,0): [10/29/2018 04:04:52.478 ] Assembly-CSharp.dll: compilation was cached, 1 file(s) were found to have changed.
 (0,0): [10/29/2018 04:04:54.610 ] Assembly-CSharp-Editor.dll compiling...
 (0,0): [10/29/2018 04:04:54.649 ] Assembly-CSharp-Editor.dll: emitting IL to : C:\Users\andre\Documents\GitHub\KamikazeTheGame\Temp\Assembly-CSharp-Editor.dll
 (0,0): [10/29/2018 04:04:54.696 ] Assembly-CSharp-Editor.dll compilation finished in 87ms  source files re-parsed: 0 metadata reloaded: 1
 (0,0): [10/29/2018 04:04:54.708 ] Assembly-CSharp-Editor.dll: compilation was cached, 0 file(s) were found to have changed.
 (0,0): [10/29/2018 04:07:13.036 ] Assembly-CSharp.dll compiling...
 (0,0): [10/29/2018 04:07:13.198 ] Assembly-CSharp.dll: emitting IL to : C:\Users\andre\Documents\GitHub\KamikazeTheGame\Temp\Assembly-CSharp.dll
 (0,0): [10/29/2018 04:07:13.361 ] Assembly-CSharp.dll compilation finished in 324ms  source files re-parsed: 1 metadata reloaded: 0
 (0,0): [10/29/2018 04:07:13.373 ] Assembly-CSharp.dll: compilation was cached, 1 file(s) were found to have changed.
 (0,0): [10/29/2018 04:07:13.923 ] Assembly-CSharp-Editor.dll compiling...
 (0,0): [10/29/2018 04:07:13.962 ] Assembly-CSharp-Editor.dll: emitting IL to : C:\Users\andre\Documents\GitHub\KamikazeTheGame\Temp\Assembly-CSharp-Editor.dll
 (0,0): [10/29/2018 04:07:14.008 ] Assembly-CSharp-Editor.dll compilation finished in 85ms  source files re-parsed: 0 metadata reloaded: 1
 (0,0): [10/29/2018 04:07:14.020 ] Assembly-CSharp-Editor.dll: compilation was cached, 0 file(s) were found to have changed.
 (0,0): [10/29/2018 04:07:18.142 ] Assembly-CSharp.dll compiling...
 (0,0): [10/29/2018 04:07:18.271 ] Assembly-CSharp.dll: emitting IL to : C:\Users\andre\Documents\GitHub\KamikazeTheGame\Temp\Assembly-CSharp.dll
 (0,0): [10/29/2018 04:07:18.356 ] Assembly-CSharp.dll compilation finished in 214ms  source files re-parsed: 0 metadata reloaded: 0
 (0,0): [10/29/2018 04:07:18.369 ] Assembly-CSharp.dll: compilation was cached, 0 file(s) were found to have changed.
 (0,0): [10/29/2018 04:07:18.866 ] Assembly-CSharp-Editor.dll compiling...
 (0,0): [10/29/2018 04:07:18.922 ] Assembly-CSharp-Editor.dll: emitting IL to : C:\Users\andre\Documents\GitHub\KamikazeTheGame\Temp\Assembly-CSharp-Editor.dll
 (0,0): [10/29/2018 04:07:18.966 ] Assembly-CSharp-Editor.dll compilation finished in 100ms  source files re-parsed: 0 metadata reloaded: 1
 (0,0): [10/29/2018 04:07:18.978 ] Assembly-CSharp-Editor.dll: compilation was cached, 0 file(s) were found to have changed.
 (0,0): [10/29/2018 04:10:45.937 ] Assembly-CSharp.dll compiling...
 (0,0): [10/29/2018 04:10:46.133 ] Assembly-CSharp.dll: emitting IL to : C:\Users\andre\Documents\GitHub\KamikazeTheGame\Temp\Assembly-CSharp.dll
 (0,0): [10/29/2018 04:10:46.272 ] Assembly-CSharp.dll compilation finished in 334ms  source files re-parsed: 1 metadata reloaded: 0
 (0,0): [10/29/2018 04:10:46.284 ] Assembly-CSharp.dll: compilation was cached, 1 file(s) were found to have changed.
 (0,0): [10/29/2018 04:10:47.040 ] Assembly-CSharp-Editor.dll compiling...
 (0,0): [10/29/2018 04:10:47.094 ] Assembly-CSharp-Editor.dll: emitting IL to : C:\Users\andre\Documents\GitHub\KamikazeTheGame\Temp\Assembly-CSharp-Editor.dll
 (0,0): [10/29/2018 04:10:47.225 ] Assembly-CSharp-Editor.dll compilation finished in 184ms  source files re-parsed: 0 metadata reloaded: 1
 (0,0): [10/29/2018 04:10:47.237 ] Assembly-CSharp-Editor.dll: compilation was cached, 0 file(s) were found to have changed.
 (0,0): [10/29/2018 04:11:50.858 ] Assembly-CSharp.dll compiling...
 (0,0): [10/29/2018 04:11:50.999 ] Assembly-CSharp.dll: emitting IL to : C:\Users\andre\Documents\GitHub\KamikazeTheGame\Temp\Assembly-CSharp.dll
 (0,0): [10/29/2018 04:11:51.085 ] Assembly-CSharp.dll compilation finished in 225ms  source files re-parsed: 2 metadata reloaded: 0
 (0,0): [10/29/2018 04:11:51.096 ] Assembly-CSharp.dll: compilation was cached, 2 file(s) were found to have changed.
 (0,0): [10/29/2018 04:11:51.737 ] Assembly-CSharp-Editor.dll compiling...
 (0,0): [10/29/2018 04:11:51.781 ] Assembly-CSharp-Editor.dll: emitting IL to : C:\Users\andre\Documents\GitHub\KamikazeTheGame\Temp\Assembly-CSharp-Editor.dll
 (0,0): [10/29/2018 04:11:51.824 ] Assembly-CSharp-Editor.dll compilation finished in 86ms  source files re-parsed: 0 metadata reloaded: 1
 (0,0): [10/29/2018 04:11:51.836 ] Assembly-CSharp-Editor.dll: compilation was cached, 0 file(s) were found to have changed.
 (0,0): [10/29/2018 04:14:41.152 ] Compiler cache size is now 18,74 MB
 (0,0): [10/29/2018 04:22:00.766 ] Assembly-CSharp.dll compiling...
 (0,0): [10/29/2018 04:22:00.907 ] Assembly-CSharp.dll: emitting IL to : C:\Users\andre\Documents\GitHub\KamikazeTheGame\Temp\Assembly-CSharp.dll
 (0,0): [10/29/2018 04:22:01.005 ] Assembly-CSharp.dll compilation finished in 239ms  source files re-parsed: 1 metadata reloaded: 0
 (0,0): [10/29/2018 04:22:01.017 ] Assembly-CSharp.dll: compilation was cached, 1 file(s) were found to have changed.
 (0,0): [10/29/2018 04:22:01.604 ] Assembly-CSharp-Editor.dll compiling...
 (0,0): [10/29/2018 04:22:01.642 ] Assembly-CSharp-Editor.dll: emitting IL to : C:\Users\andre\Documents\GitHub\KamikazeTheGame\Temp\Assembly-CSharp-Editor.dll
 (0,0): [10/29/2018 04:22:01.691 ] Assembly-CSharp-Editor.dll compilation finished in 86ms  source files re-parsed: 0 metadata reloaded: 1
 (0,0): [10/29/2018 04:22:01.703 ] Assembly-CSharp-Editor.dll: compilation was cached, 0 file(s) were found to have changed.
 (0,0): [10/29/2018 04:22:35.250 ] Assembly-CSharp.dll compiling...
 (0,0): [10/29/2018 04:22:35.383 ] Assembly-CSharp.dll: emitting IL to : C:\Users\andre\Documents\GitHub\KamikazeTheGame\Temp\Assembly-CSharp.dll
 (0,0): [10/29/2018 04:22:35.406 ] Assembly-CSharp.dll compilation finished in 156ms  source files re-parsed: 1 metadata reloaded: 0
 (0,0): [10/29/2018 04:22:35.418 ] Assembly-CSharp.dll: compilation was cached, 1 file(s) were found to have changed.
 (0,0): [10/29/2018 04:23:15.048 ] Assembly-CSharp.dll compiling...
 (0,0): [10/29/2018 04:23:15.222 ] Assembly-CSharp.dll: emitting IL to : C:\Users\andre\Documents\GitHub\KamikazeTheGame\Temp\Assembly-CSharp.dll
 (0,0): [10/29/2018 04:23:15.387 ] Assembly-CSharp.dll compilation finished in 338ms  source files re-parsed: 1 metadata reloaded: 0
 (0,0): [10/29/2018 04:23:15.399 ] Assembly-CSharp.dll: compilation was cached, 1 file(s) were found to have changed.
 (0,0): [10/29/2018 04:23:16.229 ] Assembly-CSharp-Editor.dll compiling...
 (0,0): [10/29/2018 04:23:16.278 ] Assembly-CSharp-Editor.dll: emitting IL to : C:\Users\andre\Documents\GitHub\KamikazeTheGame\Temp\Assembly-CSharp-Editor.dll
 (0,0): [10/29/2018 04:23:16.328 ] Assembly-CSharp-Editor.dll compilation finished in 98ms  source files re-parsed: 0 metadata reloaded: 1
 (0,0): [10/29/2018 04:23:16.340 ] Assembly-CSharp-Editor.dll: compilation was cached, 0 file(s) were found to have changed.
 (0,0): [10/29/2018 04:23:17.591 ] Assembly-CSharp.dll compiling...
 (0,0): [10/29/2018 04:23:17.726 ] Assembly-CSharp.dll: emitting IL to : C:\Users\andre\Documents\GitHub\KamikazeTheGame\Temp\Assembly-CSharp.dll
 (0,0): [10/29/2018 04:23:17.807 ] Assembly-CSharp.dll compilation finished in 216ms  source files re-parsed: 1 metadata reloaded: 0
 (0,0): [10/29/2018 04:23:17.819 ] Assembly-CSharp.dll: compilation was cached, 1 file(s) were found to have changed.
 (0,0): [10/29/2018 04:23:18.349 ] Assembly-CSharp-Editor.dll compiling...
 (0,0): [10/29/2018 04:23:18.393 ] Assembly-CSharp-Editor.dll: emitting IL to : C:\Users\andre\Documents\GitHub\KamikazeTheGame\Temp\Assembly-CSharp-Editor.dll
 (0,0): [10/29/2018 04:23:18.440 ] Assembly-CSharp-Editor.dll compilation finished in 91ms  source files re-parsed: 0 metadata reloaded: 1
 (0,0): [10/29/2018 04:23:18.452 ] Assembly-CSharp-Editor.dll: compilation was cached, 0 file(s) were found to have changed.
 (0,0): [10/29/2018 04:23:54.056 ] Assembly-CSharp.dll compiling...
 (0,0): [10/29/2018 04:23:54.202 ] Assembly-CSharp.dll: emitting IL to : C:\Users\andre\Documents\GitHub\KamikazeTheGame\Temp\Assembly-CSharp.dll
 (0,0): [10/29/2018 04:23:54.290 ] Assembly-CSharp.dll compilation finished in 233ms  source files re-parsed: 1 metadata reloaded: 0
 (0,0): [10/29/2018 04:23:54.302 ] Assembly-CSharp.dll: compilation was cached, 1 file(s) were found to have changed.
 (0,0): [10/29/2018 04:23:54.752 ] Assembly-CSharp-Editor.dll compiling...
 (0,0): [10/29/2018 04:23:54.788 ] Assembly-CSharp-Editor.dll: emitting IL to : C:\Users\andre\Documents\GitHub\KamikazeTheGame\Temp\Assembly-CSharp-Editor.dll
 (0,0): [10/29/2018 04:23:54.834 ] Assembly-CSharp-Editor.dll compilation finished in 82ms  source files re-parsed: 0 metadata reloaded: 1
 (0,0): [10/29/2018 04:23:54.846 ] Assembly-CSharp-Editor.dll: compilation was cached, 0 file(s) were found to have changed.
 (0,0): [10/29/2018 04:30:24.227 ] Assembly-CSharp.dll compiling...
 (0,0): [10/29/2018 04:30:24.365 ] Assembly-CSharp.dll: emitting IL to : C:\Users\andre\Documents\GitHub\KamikazeTheGame\Temp\Assembly-CSharp.dll
 (0,0): [10/29/2018 04:30:24.454 ] Assembly-CSharp.dll compilation finished in 226ms  source files re-parsed: 4 metadata reloaded: 0
 (0,0): [10/29/2018 04:30:24.466 ] Assembly-CSharp.dll: compilation was cached, 4 file(s) were found to have changed.
 (0,0): [10/29/2018 04:30:24.943 ] Assembly-CSharp-Editor.dll compiling...
 (0,0): [10/29/2018 04:30:24.994 ] Assembly-CSharp-Editor.dll: emitting IL to : C:\Users\andre\Documents\GitHub\KamikazeTheGame\Temp\Assembly-CSharp-Editor.dll
 (0,0): [10/29/2018 04:30:25.038 ] Assembly-CSharp-Editor.dll compilation finished in 94ms  source files re-parsed: 0 metadata reloaded: 1
 (0,0): [10/29/2018 04:30:25.050 ] Assembly-CSharp-Editor.dll: compilation was cached, 0 file(s) were found to have changed.
 (0,0): [10/29/2018 04:37:44.518 ] Assembly-CSharp.dll compiling...
 (0,0): [10/29/2018 04:37:44.706 ] Assembly-CSharp.dll: emitting IL to : C:\Users\andre\Documents\GitHub\KamikazeTheGame\Temp\Assembly-CSharp.dll
 (0,0): [10/29/2018 04:37:44.775 ] Assembly-CSharp.dll compilation finished in 256ms  source files re-parsed: 1 metadata reloaded: 0
 (0,0): [10/29/2018 04:37:44.787 ] Assembly-CSharp.dll: compilation was cached, 1 file(s) were found to have changed.
 (0,0): [10/29/2018 04:39:09.281 ] Assembly-CSharp.dll compiling...
 (0,0): [10/29/2018 04:39:09.449 ] Assembly-CSharp.dll: emitting IL to : C:\Users\andre\Documents\GitHub\KamikazeTheGame\Temp\Assembly-CSharp.dll
 (0,0): [10/29/2018 04:39:09.592 ] Assembly-CSharp.dll compilation finished in 310ms  source files re-parsed: 1 metadata reloaded: 0
 (0,0): [10/29/2018 04:39:09.603 ] Assembly-CSharp.dll: compilation was cached, 1 file(s) were found to have changed.
 (0,0): [10/29/2018 04:39:10.250 ] Assembly-CSharp-Editor.dll compiling...
 (0,0): [10/29/2018 04:39:10.288 ] Assembly-CSharp-Editor.dll: emitting IL to : C:\Users\andre\Documents\GitHub\KamikazeTheGame\Temp\Assembly-CSharp-Editor.dll
 (0,0): [10/29/2018 04:39:10.332 ] Assembly-CSharp-Editor.dll compilation finished in 82ms  source files re-parsed: 0 metadata reloaded: 1
 (0,0): [10/29/2018 04:39:10.344 ] Assembly-CSharp-Editor.dll: compilation was cached, 0 file(s) were found to have changed.
 (0,0): [10/29/2018 04:40:40.521 ] Assembly-CSharp.dll compiling...
 (0,0): [10/29/2018 04:40:40.689 ] Assembly-CSharp.dll: emitting IL to : C:\Users\andre\Documents\GitHub\KamikazeTheGame\Temp\Assembly-CSharp.dll
 (0,0): [10/29/2018 04:40:40.845 ] Assembly-CSharp.dll compilation finished in 323ms  source files re-parsed: 1 metadata reloaded: 0
 (0,0): [10/29/2018 04:40:40.857 ] Assembly-CSharp.dll: compilation was cached, 1 file(s) were found to have changed.
 (0,0): [10/29/2018 04:40:41.490 ] Assembly-CSharp-Editor.dll compiling...
 (0,0): [10/29/2018 04:40:41.530 ] Assembly-CSharp-Editor.dll: emitting IL to : C:\Users\andre\Documents\GitHub\KamikazeTheGame\Temp\Assembly-CSharp-Editor.dll
 (0,0): [10/29/2018 04:40:41.577 ] Assembly-CSharp-Editor.dll compilation finished in 87ms  source files re-parsed: 0 metadata reloaded: 1
 (0,0): [10/29/2018 04:40:41.589 ] Assembly-CSharp-Editor.dll: compilation was cached, 0 file(s) were found to have changed.
 (0,0): [10/29/2018 04:41:05.206 ] Assembly-CSharp.dll compiling...
 (0,0): [10/29/2018 04:41:05.371 ] Assembly-CSharp.dll: emitting IL to : C:\Users\andre\Documents\GitHub\KamikazeTheGame\Temp\Assembly-CSharp.dll
 (0,0): [10/29/2018 04:41:05.506 ] Assembly-CSharp.dll compilation finished in 299ms  source files re-parsed: 1 metadata reloaded: 0
 (0,0): [10/29/2018 04:41:05.518 ] Assembly-CSharp.dll: compilation was cached, 1 file(s) were found to have changed.
 (0,0): [10/29/2018 04:41:06.186 ] Assembly-CSharp-Editor.dll compiling...
 (0,0): [10/29/2018 04:41:06.231 ] Assembly-CSharp-Editor.dll: emitting IL to : C:\Users\andre\Documents\GitHub\KamikazeTheGame\Temp\Assembly-CSharp-Editor.dll
 (0,0): [10/29/2018 04:41:06.280 ] Assembly-CSharp-Editor.dll compilation finished in 94ms  source files re-parsed: 0 metadata reloaded: 1
 (0,0): [10/29/2018 04:41:06.292 ] Assembly-CSharp-Editor.dll: compilation was cached, 0 file(s) were found to have changed.
 (0,0): [10/29/2018 04:42:09.973 ] Assembly-CSharp.dll compiling...
 (0,0): [10/29/2018 04:42:10.228 ] Assembly-CSharp.dll: emitting IL to : C:\Users\andre\Documents\GitHub\KamikazeTheGame\Temp\Assembly-CSharp.dll
 (0,0): [10/29/2018 04:42:10.361 ] Assembly-CSharp.dll compilation finished in 387ms  source files re-parsed: 1 metadata reloaded: 0
 (0,0): [10/29/2018 04:42:10.373 ] Assembly-CSharp.dll: compilation was cached, 1 file(s) were found to have changed.
 (0,0): [10/29/2018 04:42:11.869 ] Assembly-CSharp-Editor.dll compiling...
 (0,0): [10/29/2018 04:42:11.912 ] Assembly-CSharp-Editor.dll: emitting IL to : C:\Users\andre\Documents\GitHub\KamikazeTheGame\Temp\Assembly-CSharp-Editor.dll
 (0,0): [10/29/2018 04:42:12.029 ] Assembly-CSharp-Editor.dll compilation finished in 159ms  source files re-parsed: 0 metadata reloaded: 1
 (0,0): [10/29/2018 04:42:12.042 ] Assembly-CSharp-Editor.dll: compilation was cached, 0 file(s) were found to have changed.
 (0,0): [10/29/2018 04:42:12.632 ] Assembly-CSharp.dll compiling...
 (0,0): [10/29/2018 04:42:12.864 ] Assembly-CSharp.dll: emitting IL to : C:\Users\andre\Documents\GitHub\KamikazeTheGame\Temp\Assembly-CSharp.dll
 (0,0): [10/29/2018 04:42:12.960 ] Assembly-CSharp.dll compilation finished in 328ms  source files re-parsed: 0 metadata reloaded: 0
 (0,0): [10/29/2018 04:42:12.972 ] Assembly-CSharp.dll: compilation was cached, 0 file(s) were found to have changed.
 (0,0): [10/29/2018 04:42:13.530 ] Assembly-CSharp-Editor.dll compiling...
 (0,0): [10/29/2018 04:42:13.565 ] Assembly-CSharp-Editor.dll: emitting IL to : C:\Users\andre\Documents\GitHub\KamikazeTheGame\Temp\Assembly-CSharp-Editor.dll
 (0,0): [10/29/2018 04:42:13.612 ] Assembly-CSharp-Editor.dll compilation finished in 82ms  source files re-parsed: 0 metadata reloaded: 1
 (0,0): [10/29/2018 04:42:13.624 ] Assembly-CSharp-Editor.dll: compilation was cached, 0 file(s) were found to have changed.
 (0,0): [10/29/2018 04:42:49.420 ] Assembly-CSharp.dll compiling...
 (0,0): [10/29/2018 04:42:49.555 ] Assembly-CSharp.dll: emitting IL to : C:\Users\andre\Documents\GitHub\KamikazeTheGame\Temp\Assembly-CSharp.dll
 (0,0): [10/29/2018 04:42:49.569 ] Assembly-CSharp.dll compilation finished in 149ms  source files re-parsed: 1 metadata reloaded: 0
 (0,0): [10/29/2018 04:42:49.581 ] Assembly-CSharp.dll: compilation was cached, 1 file(s) were found to have changed.
 (0,0): [10/29/2018 04:43:10.509 ] Assembly-CSharp.dll compiling...
 (0,0): [10/29/2018 04:43:10.637 ] Assembly-CSharp.dll: emitting IL to : C:\Users\andre\Documents\GitHub\KamikazeTheGame\Temp\Assembly-CSharp.dll
 (0,0): [10/29/2018 04:43:10.650 ] Assembly-CSharp.dll compilation finished in 140ms  source files re-parsed: 1 metadata reloaded: 0
 (0,0): [10/29/2018 04:43:10.662 ] Assembly-CSharp.dll: compilation was cached, 1 file(s) were found to have changed.
 (0,0): [10/29/2018 04:43:29.572 ] Assembly-CSharp.dll compiling...
 (0,0): [10/29/2018 04:43:29.730 ] Assembly-CSharp.dll: emitting IL to : C:\Users\andre\Documents\GitHub\KamikazeTheGame\Temp\Assembly-CSharp.dll
 (0,0): [10/29/2018 04:43:29.841 ] Assembly-CSharp.dll compilation finished in 267ms  source files re-parsed: 1 metadata reloaded: 0
 (0,0): [10/29/2018 04:43:29.853 ] Assembly-CSharp.dll: compilation was cached, 1 file(s) were found to have changed.
 (0,0): [10/29/2018 04:43:30.355 ] Assembly-CSharp-Editor.dll compiling...
 (0,0): [10/29/2018 04:43:30.395 ] Assembly-CSharp-Editor.dll: emitting IL to : C:\Users\andre\Documents\GitHub\KamikazeTheGame\Temp\Assembly-CSharp-Editor.dll
 (0,0): [10/29/2018 04:43:30.439 ] Assembly-CSharp-Editor.dll compilation finished in 83ms  source files re-parsed: 0 metadata reloaded: 1
 (0,0): [10/29/2018 04:43:30.451 ] Assembly-CSharp-Editor.dll: compilation was cached, 0 file(s) were found to have changed.
 (0,0): [10/29/2018 04:44:57.228 ] Compiler cache size is now 18,74 MB
 (0,0): watchdog triggered an exit
